<?xml version="1.0" encoding="UTF-8"?>
<!-- Generated by org.testng.reporters.JUnitReportReporter -->
<testsuite hostname="DESKTOP-JD55J81" failures="0" tests="4" name="testCases.EnpanelmentTest" time="207.904" errors="0" timestamp="07 Jul 2022 13:20:11 GMT" skipped="0">
  <testcase classname="testCases.EnpanelmentTest" name="epanelLogin" time="5.467"/>
  <testcase classname="testCases.EnpanelmentTest" name="arnYes" time="90.151"/>
  <testcase classname="testCases.EnpanelmentTest" name="arnNo" time="82.211"/>
  <testcase classname="testCases.EnpanelmentTest" name="editEnpanelment" time="30.075"/>
</testsuite> <!-- testCases.EnpanelmentTest -->
