<?xml version="1.0" encoding="UTF-8"?>
<!-- Generated by org.testng.reporters.JUnitReportReporter -->
<testsuite hostname="DESKTOP-JD55J81" failures="0" tests="1" name="testCases.RegistrationTest" time="0.000" errors="0" timestamp="16 Jun 2022 10:07:32 GMT" skipped="1">
  <testcase classname="testCases.RegistrationTest" name="registrationTest" time="0.000">
    <skipped/>
  </testcase> <!-- registrationTest -->
</testsuite> <!-- testCases.RegistrationTest -->
